2022-03-25 12:18:54.109  INFO 10336 --- [restartedMain] b.c.e.c.CadpessoasEwertonApplication     : Starting CadpessoasEwertonApplication using Java 1.8.0_322 on LAPTOP-IV91IMK2 with PID 10336 (C:\Users\Lucka\OneDrive\Documentos\GitHub\pweb_2021.2_ewertonLucas\u1_exercicio3\cadpessoas_ewerton\target\classes started by Lucka in c:\Users\Lucka\OneDrive\Documentos\GitHub\pweb_2021.2_ewertonLucas\u1_exercicio3)
2022-03-25 12:18:54.188  INFO 10336 --- [restartedMain] b.c.e.c.CadpessoasEwertonApplication     : No active profile set, falling back to 1 default profile: "default"
2022-03-25 12:18:54.466  INFO 10336 --- [restartedMain] .e.DevToolsPropertyDefaultsPostProcessor : Devtools property defaults active! Set 'spring.devtools.add-properties' to 'false' to disable
2022-03-25 12:18:54.467  INFO 10336 --- [restartedMain] .e.DevToolsPropertyDefaultsPostProcessor : For additional web related logging consider setting the 'logging.level.web' property to 'DEBUG'
2022-03-25 12:18:57.992  INFO 10336 --- [restartedMain] .s.d.r.c.RepositoryConfigurationDelegate : Bootstrapping Spring Data JPA repositories in DEFAULT mode.
2022-03-25 12:18:58.560  INFO 10336 --- [restartedMain] .s.d.r.c.RepositoryConfigurationDelegate : Finished Spring Data repository scanning in 312 ms. Found 1 JPA repository interfaces.
2022-03-25 12:19:04.470  INFO 10336 --- [restartedMain] o.s.b.w.embedded.tomcat.TomcatWebServer  : Tomcat initialized with port(s): 8080 (http)
2022-03-25 12:19:04.636  INFO 10336 --- [restartedMain] o.apache.catalina.core.StandardService   : Starting service [Tomcat]
2022-03-25 12:19:04.638  INFO 10336 --- [restartedMain] org.apache.catalina.core.StandardEngine  : Starting Servlet engine: [Apache Tomcat/9.0.58]
2022-03-25 12:19:05.404  INFO 10336 --- [restartedMain] o.a.c.c.C.[Tomcat].[localhost].[/]       : Initializing Spring embedded WebApplicationContext
2022-03-25 12:19:05.404  INFO 10336 --- [restartedMain] w.s.c.ServletWebServerApplicationContext : Root WebApplicationContext: initialization completed in 10934 ms
2022-03-25 12:19:05.585  INFO 10336 --- [restartedMain] com.zaxxer.hikari.HikariDataSource       : HikariPool-1 - Starting...
2022-03-25 12:19:07.673  INFO 10336 --- [restartedMain] com.zaxxer.hikari.HikariDataSource       : HikariPool-1 - Start completed.
2022-03-25 12:19:07.749  INFO 10336 --- [restartedMain] o.s.b.a.h2.H2ConsoleAutoConfiguration    : H2 console available at '/h2-console'. Database available at 'jdbc:h2:mem:cadpessoas'
2022-03-25 12:19:12.916  INFO 10336 --- [restartedMain] j.LocalContainerEntityManagerFactoryBean : Initialized JPA EntityManagerFactory for persistence unit 'default'
2022-03-25 12:19:14.902  INFO 10336 --- [restartedMain] o.s.b.a.w.s.WelcomePageHandlerMapping    : Adding welcome page template: index
2022-03-25 12:19:15.705  INFO 10336 --- [restartedMain] o.s.b.d.a.OptionalLiveReloadServer       : LiveReload server is running on port 35729
2022-03-25 12:19:15.908  INFO 10336 --- [restartedMain] o.s.b.w.embedded.tomcat.TomcatWebServer  : Tomcat started on port(s): 8080 (http) with context path ''
2022-03-25 12:19:15.948  INFO 10336 --- [restartedMain] b.c.e.c.CadpessoasEwertonApplication     : Started CadpessoasEwertonApplication in 24.477 seconds (JVM running for 27.908)
2022-03-25 12:19:53.667  INFO 10336 --- [http-nio-8080-exec-1] o.a.c.c.C.[Tomcat].[localhost].[/]       : Initializing Spring DispatcherServlet 'dispatcherServlet'
2022-03-25 12:19:53.670  INFO 10336 --- [http-nio-8080-exec-1] o.s.web.servlet.DispatcherServlet        : Initializing Servlet 'dispatcherServlet'
2022-03-25 12:19:53.673  INFO 10336 --- [http-nio-8080-exec-1] o.s.web.servlet.DispatcherServlet        : Completed initialization in 3 ms
