2022-03-19 09:59:21.986  INFO 1548 --- [restartedMain] b.c.e.c.CadpessoasEwertonApplication     : Starting CadpessoasEwertonApplication using Java 1.8.0_322 on LAPTOP-IV91IMK2 with PID 1548 (C:\Users\Lucka\OneDrive\Documentos\GitHub\pweb_2021.2_ewertonLucas\u1_exercicio3\cadpessoas_ewerton\target\classes started by Lucka in c:\Users\Lucka\OneDrive\Documentos\GitHub\pweb_2021.2_ewertonLucas\u1_exercicio3\cadpessoas_ewerton)
2022-03-19 09:59:22.043  INFO 1548 --- [restartedMain] b.c.e.c.CadpessoasEwertonApplication     : No active profile set, falling back to 1 default profile: "default"
2022-03-19 09:59:22.271  INFO 1548 --- [restartedMain] .e.DevToolsPropertyDefaultsPostProcessor : Devtools property defaults active! Set 'spring.devtools.add-properties' to 'false' to disable
2022-03-19 09:59:22.272  INFO 1548 --- [restartedMain] .e.DevToolsPropertyDefaultsPostProcessor : For additional web related logging consider setting the 'logging.level.web' property to 'DEBUG'
2022-03-19 09:59:27.111  INFO 1548 --- [restartedMain] .s.d.r.c.RepositoryConfigurationDelegate : Bootstrapping Spring Data JPA repositories in DEFAULT mode.
2022-03-19 09:59:27.351  INFO 1548 --- [restartedMain] .s.d.r.c.RepositoryConfigurationDelegate : Finished Spring Data repository scanning in 187 ms. Found 1 JPA repository interfaces.
2022-03-19 09:59:30.152  INFO 1548 --- [restartedMain] o.s.b.w.embedded.tomcat.TomcatWebServer  : Tomcat initialized with port(s): 8080 (http)
2022-03-19 09:59:30.192  INFO 1548 --- [restartedMain] o.apache.catalina.core.StandardService   : Starting service [Tomcat]
2022-03-19 09:59:30.192  INFO 1548 --- [restartedMain] org.apache.catalina.core.StandardEngine  : Starting Servlet engine: [Apache Tomcat/9.0.58]
2022-03-19 09:59:30.475  INFO 1548 --- [restartedMain] o.a.c.c.C.[Tomcat].[localhost].[/]       : Initializing Spring embedded WebApplicationContext
2022-03-19 09:59:30.475  INFO 1548 --- [restartedMain] w.s.c.ServletWebServerApplicationContext : Root WebApplicationContext: initialization completed in 8203 ms
2022-03-19 09:59:30.561  INFO 1548 --- [restartedMain] com.zaxxer.hikari.HikariDataSource       : HikariPool-1 - Starting...
2022-03-19 09:59:31.267  INFO 1548 --- [restartedMain] com.zaxxer.hikari.HikariDataSource       : HikariPool-1 - Start completed.
2022-03-19 09:59:31.285  INFO 1548 --- [restartedMain] o.s.b.a.h2.H2ConsoleAutoConfiguration    : H2 console available at '/h2-console'. Database available at 'jdbc:h2:mem:cadpessoas'
2022-03-19 09:59:35.932  INFO 1548 --- [restartedMain] j.LocalContainerEntityManagerFactoryBean : Initialized JPA EntityManagerFactory for persistence unit 'default'
2022-03-19 09:59:38.711  INFO 1548 --- [restartedMain] o.s.b.a.w.s.WelcomePageHandlerMapping    : Adding welcome page template: index
2022-03-19 09:59:39.409  INFO 1548 --- [restartedMain] o.s.b.d.a.OptionalLiveReloadServer       : LiveReload server is running on port 35729
2022-03-19 09:59:39.690  INFO 1548 --- [restartedMain] o.s.b.w.embedded.tomcat.TomcatWebServer  : Tomcat started on port(s): 8080 (http) with context path ''
2022-03-19 09:59:39.713  INFO 1548 --- [restartedMain] b.c.e.c.CadpessoasEwertonApplication     : Started CadpessoasEwertonApplication in 19.498 seconds (JVM running for 21.85)
2022-03-19 10:13:11.290  INFO 1548 --- [http-nio-8080-exec-1] o.a.c.c.C.[Tomcat].[localhost].[/]       : Initializing Spring DispatcherServlet 'dispatcherServlet'
2022-03-19 10:13:11.292  INFO 1548 --- [http-nio-8080-exec-1] o.s.web.servlet.DispatcherServlet        : Initializing Servlet 'dispatcherServlet'
2022-03-19 10:13:11.300  INFO 1548 --- [http-nio-8080-exec-1] o.s.web.servlet.DispatcherServlet        : Completed initialization in 6 ms
2022-03-19 16:19:23.584  INFO 10368 --- [restartedMain] b.c.e.c.CadpessoasEwertonApplication     : Starting CadpessoasEwertonApplication using Java 1.8.0_322 on LAPTOP-IV91IMK2 with PID 10368 (C:\Users\Lucka\OneDrive\Documentos\GitHub\pweb_2021.2_ewertonLucas\u1_exercicio3\cadpessoas_ewerton\target\classes started by Lucka in c:\Users\Lucka\OneDrive\Documentos\GitHub\pweb_2021.2_ewertonLucas\u1_exercicio3\cadpessoas_ewerton)
2022-03-19 16:19:23.596  INFO 10368 --- [restartedMain] b.c.e.c.CadpessoasEwertonApplication     : No active profile set, falling back to 1 default profile: "default"
2022-03-19 16:19:23.683  INFO 10368 --- [restartedMain] .e.DevToolsPropertyDefaultsPostProcessor : Devtools property defaults active! Set 'spring.devtools.add-properties' to 'false' to disable
2022-03-19 16:19:23.686  INFO 10368 --- [restartedMain] .e.DevToolsPropertyDefaultsPostProcessor : For additional web related logging consider setting the 'logging.level.web' property to 'DEBUG'
2022-03-19 16:19:25.320  INFO 10368 --- [restartedMain] .s.d.r.c.RepositoryConfigurationDelegate : Bootstrapping Spring Data JPA repositories in DEFAULT mode.
2022-03-19 16:19:25.516  INFO 10368 --- [restartedMain] .s.d.r.c.RepositoryConfigurationDelegate : Finished Spring Data repository scanning in 132 ms. Found 1 JPA repository interfaces.
2022-03-19 16:19:27.545  INFO 10368 --- [restartedMain] o.s.b.w.embedded.tomcat.TomcatWebServer  : Tomcat initialized with port(s): 8080 (http)
2022-03-19 16:19:27.573  INFO 10368 --- [restartedMain] o.apache.catalina.core.StandardService   : Starting service [Tomcat]
2022-03-19 16:19:27.573  INFO 10368 --- [restartedMain] org.apache.catalina.core.StandardEngine  : Starting Servlet engine: [Apache Tomcat/9.0.58]
2022-03-19 16:19:27.781  INFO 10368 --- [restartedMain] o.a.c.c.C.[Tomcat].[localhost].[/]       : Initializing Spring embedded WebApplicationContext
2022-03-19 16:19:27.782  INFO 10368 --- [restartedMain] w.s.c.ServletWebServerApplicationContext : Root WebApplicationContext: initialization completed in 4094 ms
2022-03-19 16:19:27.828  INFO 10368 --- [restartedMain] com.zaxxer.hikari.HikariDataSource       : HikariPool-1 - Starting...
2022-03-19 16:19:28.423  INFO 10368 --- [restartedMain] com.zaxxer.hikari.HikariDataSource       : HikariPool-1 - Start completed.
2022-03-19 16:19:28.455  INFO 10368 --- [restartedMain] o.s.b.a.h2.H2ConsoleAutoConfiguration    : H2 console available at '/h2-console'. Database available at 'jdbc:h2:mem:cadpessoas'
2022-03-19 16:19:31.435  INFO 10368 --- [restartedMain] j.LocalContainerEntityManagerFactoryBean : Initialized JPA EntityManagerFactory for persistence unit 'default'
2022-03-19 16:19:33.353  INFO 10368 --- [restartedMain] o.s.b.a.w.s.WelcomePageHandlerMapping    : Adding welcome page template: index
2022-03-19 16:19:34.104  INFO 10368 --- [restartedMain] o.s.b.d.a.OptionalLiveReloadServer       : LiveReload server is running on port 35729
2022-03-19 16:19:34.327  INFO 10368 --- [restartedMain] o.s.b.w.embedded.tomcat.TomcatWebServer  : Tomcat started on port(s): 8080 (http) with context path ''
2022-03-19 16:19:34.352  INFO 10368 --- [restartedMain] b.c.e.c.CadpessoasEwertonApplication     : Started CadpessoasEwertonApplication in 11.68 seconds (JVM running for 12.518)
2022-03-19 16:23:30.510  INFO 10368 --- [http-nio-8080-exec-1] o.a.c.c.C.[Tomcat].[localhost].[/]       : Initializing Spring DispatcherServlet 'dispatcherServlet'
2022-03-19 16:23:30.511  INFO 10368 --- [http-nio-8080-exec-1] o.s.web.servlet.DispatcherServlet        : Initializing Servlet 'dispatcherServlet'
2022-03-19 16:23:30.519  INFO 10368 --- [http-nio-8080-exec-1] o.s.web.servlet.DispatcherServlet        : Completed initialization in 7 ms
2022-03-19 17:32:48.645  INFO 9220 --- [restartedMain] b.c.e.c.CadpessoasEwertonApplication     : Starting CadpessoasEwertonApplication using Java 1.8.0_322 on LAPTOP-IV91IMK2 with PID 9220 (C:\Users\Lucka\OneDrive\Documentos\GitHub\pweb_2021.2_ewertonLucas\u1_exercicio3\cadpessoas_ewerton\target\classes started by Lucka in c:\Users\Lucka\OneDrive\Documentos\GitHub\pweb_2021.2_ewertonLucas\u1_exercicio3\cadpessoas_ewerton)
2022-03-19 17:32:48.749  INFO 9220 --- [restartedMain] b.c.e.c.CadpessoasEwertonApplication     : No active profile set, falling back to 1 default profile: "default"
2022-03-19 17:32:49.843  INFO 9220 --- [restartedMain] .e.DevToolsPropertyDefaultsPostProcessor : Devtools property defaults active! Set 'spring.devtools.add-properties' to 'false' to disable
2022-03-19 17:32:49.948  INFO 9220 --- [restartedMain] .e.DevToolsPropertyDefaultsPostProcessor : For additional web related logging consider setting the 'logging.level.web' property to 'DEBUG'
2022-03-19 17:33:06.499  INFO 9220 --- [restartedMain] .s.d.r.c.RepositoryConfigurationDelegate : Bootstrapping Spring Data JPA repositories in DEFAULT mode.
2022-03-19 17:33:08.262  INFO 9220 --- [restartedMain] .s.d.r.c.RepositoryConfigurationDelegate : Finished Spring Data repository scanning in 861 ms. Found 1 JPA repository interfaces.
2022-03-19 17:33:17.989  INFO 9220 --- [restartedMain] o.s.b.w.embedded.tomcat.TomcatWebServer  : Tomcat initialized with port(s): 8080 (http)
2022-03-19 17:33:18.238  INFO 9220 --- [restartedMain] o.apache.catalina.core.StandardService   : Starting service [Tomcat]
2022-03-19 17:33:18.241  INFO 9220 --- [restartedMain] org.apache.catalina.core.StandardEngine  : Starting Servlet engine: [Apache Tomcat/9.0.58]
2022-03-19 17:33:18.949  INFO 9220 --- [restartedMain] o.a.c.c.C.[Tomcat].[localhost].[/]       : Initializing Spring embedded WebApplicationContext
2022-03-19 17:33:18.953  INFO 9220 --- [restartedMain] w.s.c.ServletWebServerApplicationContext : Root WebApplicationContext: initialization completed in 28969 ms
2022-03-19 17:33:19.489  INFO 9220 --- [restartedMain] com.zaxxer.hikari.HikariDataSource       : HikariPool-1 - Starting...
2022-03-19 17:33:21.771  INFO 9220 --- [restartedMain] com.zaxxer.hikari.HikariDataSource       : HikariPool-1 - Start completed.
2022-03-19 17:33:21.869  INFO 9220 --- [restartedMain] o.s.b.a.h2.H2ConsoleAutoConfiguration    : H2 console available at '/h2-console'. Database available at 'jdbc:h2:mem:cadpessoas'
2022-03-19 17:33:32.750  INFO 9220 --- [restartedMain] j.LocalContainerEntityManagerFactoryBean : Initialized JPA EntityManagerFactory for persistence unit 'default'
2022-03-19 17:33:35.621  INFO 9220 --- [restartedMain] o.s.b.a.w.s.WelcomePageHandlerMapping    : Adding welcome page template: index
2022-03-19 17:33:36.511  INFO 9220 --- [restartedMain] o.s.b.d.a.OptionalLiveReloadServer       : LiveReload server is running on port 35729
2022-03-19 17:33:36.761  INFO 9220 --- [restartedMain] o.s.b.w.embedded.tomcat.TomcatWebServer  : Tomcat started on port(s): 8080 (http) with context path ''
2022-03-19 17:33:36.821  INFO 9220 --- [restartedMain] b.c.e.c.CadpessoasEwertonApplication     : Started CadpessoasEwertonApplication in 55.474 seconds (JVM running for 57.692)
2022-03-19 17:33:47.051  INFO 9220 --- [http-nio-8080-exec-1] o.a.c.c.C.[Tomcat].[localhost].[/]       : Initializing Spring DispatcherServlet 'dispatcherServlet'
2022-03-19 17:33:47.059  INFO 9220 --- [http-nio-8080-exec-1] o.s.web.servlet.DispatcherServlet        : Initializing Servlet 'dispatcherServlet'
2022-03-19 17:33:47.067  INFO 9220 --- [http-nio-8080-exec-1] o.s.web.servlet.DispatcherServlet        : Completed initialization in 7 ms
2022-03-19 17:42:36.798  INFO 9220 --- [Thread-7] j.LocalContainerEntityManagerFactoryBean : Closing JPA EntityManagerFactory for persistence unit 'default'
2022-03-19 17:42:37.241  WARN 9220 --- [Thread-7] o.s.b.f.support.DisposableBeanAdapter    : Invocation of destroy method failed on bean with name 'inMemoryDatabaseShutdownExecutor': org.h2.jdbc.JdbcSQLNonTransientConnectionException: Database is already closed (to disable automatic closing at VM shutdown, add ";DB_CLOSE_ON_EXIT=FALSE" to the db URL) [90121-200]
2022-03-19 17:42:37.248  INFO 9220 --- [Thread-7] com.zaxxer.hikari.HikariDataSource       : HikariPool-1 - Shutdown initiated...
2022-03-19 17:42:37.274  INFO 9220 --- [Thread-7] com.zaxxer.hikari.HikariDataSource       : HikariPool-1 - Shutdown completed.
2022-03-19 17:42:44.872  INFO 9220 --- [restartedMain] b.c.e.c.CadpessoasEwertonApplication     : Starting CadpessoasEwertonApplication using Java 1.8.0_322 on LAPTOP-IV91IMK2 with PID 9220 (C:\Users\Lucka\OneDrive\Documentos\GitHub\pweb_2021.2_ewertonLucas\u1_exercicio3\cadpessoas_ewerton\target\classes started by Lucka in c:\Users\Lucka\OneDrive\Documentos\GitHub\pweb_2021.2_ewertonLucas\u1_exercicio3\cadpessoas_ewerton)
2022-03-19 17:42:44.883  INFO 9220 --- [restartedMain] b.c.e.c.CadpessoasEwertonApplication     : No active profile set, falling back to 1 default profile: "default"
2022-03-19 17:42:45.666  INFO 9220 --- [restartedMain] .s.d.r.c.RepositoryConfigurationDelegate : Bootstrapping Spring Data JPA repositories in DEFAULT mode.
2022-03-19 17:42:45.713  INFO 9220 --- [restartedMain] .s.d.r.c.RepositoryConfigurationDelegate : Finished Spring Data repository scanning in 39 ms. Found 1 JPA repository interfaces.
2022-03-19 17:42:46.017  INFO 9220 --- [restartedMain] o.s.b.w.embedded.tomcat.TomcatWebServer  : Tomcat initialized with port(s): 8080 (http)
2022-03-19 17:42:46.019  INFO 9220 --- [restartedMain] o.apache.catalina.core.StandardService   : Starting service [Tomcat]
2022-03-19 17:42:46.019  INFO 9220 --- [restartedMain] org.apache.catalina.core.StandardEngine  : Starting Servlet engine: [Apache Tomcat/9.0.58]
2022-03-19 17:42:46.215  INFO 9220 --- [restartedMain] o.a.c.c.C.[Tomcat].[localhost].[/]       : Initializing Spring embedded WebApplicationContext
2022-03-19 17:42:46.216  INFO 9220 --- [restartedMain] w.s.c.ServletWebServerApplicationContext : Root WebApplicationContext: initialization completed in 1317 ms
2022-03-19 17:42:46.248  INFO 9220 --- [restartedMain] com.zaxxer.hikari.HikariDataSource       : HikariPool-3 - Starting...
2022-03-19 17:42:46.258  INFO 9220 --- [restartedMain] com.zaxxer.hikari.HikariDataSource       : HikariPool-3 - Start completed.
2022-03-19 17:42:46.260  INFO 9220 --- [restartedMain] o.s.b.a.h2.H2ConsoleAutoConfiguration    : H2 console available at '/h2-console'. Database available at 'jdbc:h2:mem:cadpessoas'
2022-03-19 17:42:46.436  INFO 9220 --- [restartedMain] j.LocalContainerEntityManagerFactoryBean : Initialized JPA EntityManagerFactory for persistence unit 'default'
2022-03-19 17:42:46.682  INFO 9220 --- [restartedMain] o.s.b.a.w.s.WelcomePageHandlerMapping    : Adding welcome page template: index
2022-03-19 17:42:46.771  INFO 9220 --- [restartedMain] o.s.b.d.a.OptionalLiveReloadServer       : LiveReload server is running on port 35729
2022-03-19 17:42:46.796  INFO 9220 --- [restartedMain] o.s.b.w.embedded.tomcat.TomcatWebServer  : Tomcat started on port(s): 8080 (http) with context path ''
2022-03-19 17:42:46.809  INFO 9220 --- [restartedMain] b.c.e.c.CadpessoasEwertonApplication     : Started CadpessoasEwertonApplication in 2.11 seconds (JVM running for 607.682)
2022-03-19 17:42:46.816  INFO 9220 --- [restartedMain] .ConditionEvaluationDeltaLoggingListener : Condition evaluation unchanged
2022-03-19 17:43:42.929  INFO 9220 --- [http-nio-8080-exec-10] o.a.c.c.C.[Tomcat].[localhost].[/]       : Initializing Spring DispatcherServlet 'dispatcherServlet'
2022-03-19 17:43:42.933  INFO 9220 --- [http-nio-8080-exec-10] o.s.web.servlet.DispatcherServlet        : Initializing Servlet 'dispatcherServlet'
2022-03-19 17:43:42.942  INFO 9220 --- [http-nio-8080-exec-10] o.s.web.servlet.DispatcherServlet        : Completed initialization in 7 ms
2022-03-19 18:24:47.633  INFO 9220 --- [Thread-13] j.LocalContainerEntityManagerFactoryBean : Closing JPA EntityManagerFactory for persistence unit 'default'
2022-03-19 18:24:48.327  WARN 9220 --- [Thread-13] o.s.b.f.support.DisposableBeanAdapter    : Invocation of destroy method failed on bean with name 'inMemoryDatabaseShutdownExecutor': org.h2.jdbc.JdbcSQLNonTransientConnectionException: Database is already closed (to disable automatic closing at VM shutdown, add ";DB_CLOSE_ON_EXIT=FALSE" to the db URL) [90121-200]
2022-03-19 18:24:48.329  INFO 9220 --- [Thread-13] com.zaxxer.hikari.HikariDataSource       : HikariPool-3 - Shutdown initiated...
2022-03-19 18:24:48.410  INFO 9220 --- [Thread-13] com.zaxxer.hikari.HikariDataSource       : HikariPool-3 - Shutdown completed.
