2022-05-25 13:24:19.473  INFO 11224 --- [restartedMain] b.c.e.d.DiabeteshopEwertonApplication    : Starting DiabeteshopEwertonApplication using Java 11.0.14.1 on Xico-Dell with PID 11224 (C:\repos_github\pweb_2021.2_ewertonLucas\diabeteshop_ewerton\target\classes started by Xico in C:\repos_github\pweb_2021.2_ewertonLucas\diabeteshop_ewerton)
2022-05-25 13:24:19.479  INFO 11224 --- [restartedMain] b.c.e.d.DiabeteshopEwertonApplication    : No active profile set, falling back to 1 default profile: "default"
2022-05-25 13:24:20.256  INFO 11224 --- [restartedMain] .e.DevToolsPropertyDefaultsPostProcessor : Devtools property defaults active! Set 'spring.devtools.add-properties' to 'false' to disable
2022-05-25 13:24:20.257  INFO 11224 --- [restartedMain] .e.DevToolsPropertyDefaultsPostProcessor : For additional web related logging consider setting the 'logging.level.web' property to 'DEBUG'
2022-05-25 13:24:22.208  INFO 11224 --- [restartedMain] .s.d.r.c.RepositoryConfigurationDelegate : Bootstrapping Spring Data JPA repositories in DEFAULT mode.
2022-05-25 13:24:22.376  INFO 11224 --- [restartedMain] .s.d.r.c.RepositoryConfigurationDelegate : Finished Spring Data repository scanning in 147 ms. Found 3 JPA repository interfaces.
2022-05-25 13:24:24.537  INFO 11224 --- [restartedMain] o.s.b.w.embedded.tomcat.TomcatWebServer  : Tomcat initialized with port(s): 8080 (http)
2022-05-25 13:24:24.570  INFO 11224 --- [restartedMain] o.apache.catalina.core.StandardService   : Starting service [Tomcat]
2022-05-25 13:24:24.572  INFO 11224 --- [restartedMain] org.apache.catalina.core.StandardEngine  : Starting Servlet engine: [Apache Tomcat/9.0.58]
2022-05-25 13:24:24.790  INFO 11224 --- [restartedMain] o.a.c.c.C.[Tomcat].[localhost].[/]       : Initializing Spring embedded WebApplicationContext
2022-05-25 13:24:24.792  INFO 11224 --- [restartedMain] w.s.c.ServletWebServerApplicationContext : Root WebApplicationContext: initialization completed in 4531 ms
2022-05-25 13:24:24.898  INFO 11224 --- [restartedMain] com.zaxxer.hikari.HikariDataSource       : HikariPool-1 - Starting...
2022-05-25 13:24:25.254  INFO 11224 --- [restartedMain] com.zaxxer.hikari.HikariDataSource       : HikariPool-1 - Start completed.
2022-05-25 13:24:25.285  INFO 11224 --- [restartedMain] o.s.b.a.h2.H2ConsoleAutoConfiguration    : H2 console available at '/h2-console'. Database available at 'jdbc:h2:mem:diabeteshop'
2022-05-25 13:24:27.994  INFO 11224 --- [restartedMain] j.LocalContainerEntityManagerFactoryBean : Initialized JPA EntityManagerFactory for persistence unit 'default'
2022-05-25 13:24:29.089  INFO 11224 --- [restartedMain] o.s.b.a.w.s.WelcomePageHandlerMapping    : Adding welcome page template: index
2022-05-25 13:24:29.653  INFO 11224 --- [restartedMain] o.s.b.d.a.OptionalLiveReloadServer       : LiveReload server is running on port 35729
2022-05-25 13:24:29.743  INFO 11224 --- [restartedMain] o.s.b.w.embedded.tomcat.TomcatWebServer  : Tomcat started on port(s): 8080 (http) with context path ''
2022-05-25 13:24:29.768  INFO 11224 --- [restartedMain] b.c.e.d.DiabeteshopEwertonApplication    : Started DiabeteshopEwertonApplication in 11.226 seconds (JVM running for 12.141)
2022-05-25 13:24:29.922  INFO 11224 --- [http-nio-8080-exec-1] o.a.c.c.C.[Tomcat].[localhost].[/]       : Initializing Spring DispatcherServlet 'dispatcherServlet'
2022-05-25 13:24:29.923  INFO 11224 --- [http-nio-8080-exec-1] o.s.web.servlet.DispatcherServlet        : Initializing Servlet 'dispatcherServlet'
2022-05-25 13:24:29.925  INFO 11224 --- [http-nio-8080-exec-1] o.s.web.servlet.DispatcherServlet        : Completed initialization in 1 ms
2022-05-25 13:25:10.170  INFO 11224 --- [SpringApplicationShutdownHook] j.LocalContainerEntityManagerFactoryBean : Closing JPA EntityManagerFactory for persistence unit 'default'
2022-05-25 13:25:10.426  WARN 11224 --- [SpringApplicationShutdownHook] o.s.b.f.support.DisposableBeanAdapter    : Invocation of destroy method failed on bean with name 'inMemoryDatabaseShutdownExecutor': org.h2.jdbc.JdbcSQLNonTransientConnectionException: Database is already closed (to disable automatic closing at VM shutdown, add ";DB_CLOSE_ON_EXIT=FALSE" to the db URL) [90121-200]
2022-05-25 13:25:10.427  INFO 11224 --- [SpringApplicationShutdownHook] com.zaxxer.hikari.HikariDataSource       : HikariPool-1 - Shutdown initiated...
2022-05-25 13:25:10.433  INFO 11224 --- [SpringApplicationShutdownHook] com.zaxxer.hikari.HikariDataSource       : HikariPool-1 - Shutdown completed.
2022-05-25 14:19:52.800  INFO 8872 --- [restartedMain] b.c.e.d.DiabeteshopEwertonApplication    : Starting DiabeteshopEwertonApplication using Java 11.0.14.1 on Xico-Dell with PID 8872 (C:\repos_github\pweb_2021.2_ewertonLucas\diabeteshop_ewerton\target\classes started by Xico in C:\repos_github\pweb_2021.2_ewertonLucas\diabeteshop_ewerton)
2022-05-25 14:19:52.803  INFO 8872 --- [restartedMain] b.c.e.d.DiabeteshopEwertonApplication    : No active profile set, falling back to 1 default profile: "default"
2022-05-25 14:19:53.306  INFO 8872 --- [restartedMain] .e.DevToolsPropertyDefaultsPostProcessor : Devtools property defaults active! Set 'spring.devtools.add-properties' to 'false' to disable
2022-05-25 14:19:53.306  INFO 8872 --- [restartedMain] .e.DevToolsPropertyDefaultsPostProcessor : For additional web related logging consider setting the 'logging.level.web' property to 'DEBUG'
2022-05-25 14:19:54.419  INFO 8872 --- [restartedMain] .s.d.r.c.RepositoryConfigurationDelegate : Bootstrapping Spring Data JPA repositories in DEFAULT mode.
2022-05-25 14:19:54.517  INFO 8872 --- [restartedMain] .s.d.r.c.RepositoryConfigurationDelegate : Finished Spring Data repository scanning in 82 ms. Found 3 JPA repository interfaces.
2022-05-25 14:19:55.817  INFO 8872 --- [restartedMain] o.s.b.w.embedded.tomcat.TomcatWebServer  : Tomcat initialized with port(s): 8080 (http)
2022-05-25 14:19:55.835  INFO 8872 --- [restartedMain] o.apache.catalina.core.StandardService   : Starting service [Tomcat]
2022-05-25 14:19:55.836  INFO 8872 --- [restartedMain] org.apache.catalina.core.StandardEngine  : Starting Servlet engine: [Apache Tomcat/9.0.58]
2022-05-25 14:19:55.958  INFO 8872 --- [restartedMain] o.a.c.c.C.[Tomcat].[localhost].[/]       : Initializing Spring embedded WebApplicationContext
2022-05-25 14:19:55.959  INFO 8872 --- [restartedMain] w.s.c.ServletWebServerApplicationContext : Root WebApplicationContext: initialization completed in 2651 ms
2022-05-25 14:19:56.016  INFO 8872 --- [restartedMain] com.zaxxer.hikari.HikariDataSource       : HikariPool-1 - Starting...
2022-05-25 14:19:56.219  INFO 8872 --- [restartedMain] com.zaxxer.hikari.HikariDataSource       : HikariPool-1 - Start completed.
2022-05-25 14:19:56.236  INFO 8872 --- [restartedMain] o.s.b.a.h2.H2ConsoleAutoConfiguration    : H2 console available at '/h2-console'. Database available at 'jdbc:h2:mem:diabeteshop'
2022-05-25 14:19:57.888  INFO 8872 --- [restartedMain] j.LocalContainerEntityManagerFactoryBean : Initialized JPA EntityManagerFactory for persistence unit 'default'
2022-05-25 14:19:58.862  INFO 8872 --- [restartedMain] o.s.b.a.w.s.WelcomePageHandlerMapping    : Adding welcome page template: index
2022-05-25 14:19:59.408  INFO 8872 --- [restartedMain] o.s.b.d.a.OptionalLiveReloadServer       : LiveReload server is running on port 35729
2022-05-25 14:19:59.468  INFO 8872 --- [restartedMain] o.s.b.w.embedded.tomcat.TomcatWebServer  : Tomcat started on port(s): 8080 (http) with context path ''
2022-05-25 14:19:59.489  INFO 8872 --- [restartedMain] b.c.e.d.DiabeteshopEwertonApplication    : Started DiabeteshopEwertonApplication in 7.405 seconds (JVM running for 8.317)
2022-05-25 14:19:59.610  INFO 8872 --- [http-nio-8080-exec-2] o.a.c.c.C.[Tomcat].[localhost].[/]       : Initializing Spring DispatcherServlet 'dispatcherServlet'
2022-05-25 14:19:59.611  INFO 8872 --- [http-nio-8080-exec-2] o.s.web.servlet.DispatcherServlet        : Initializing Servlet 'dispatcherServlet'
2022-05-25 14:19:59.613  INFO 8872 --- [http-nio-8080-exec-2] o.s.web.servlet.DispatcherServlet        : Completed initialization in 1 ms
2022-05-25 14:20:30.650  INFO 8872 --- [SpringApplicationShutdownHook] j.LocalContainerEntityManagerFactoryBean : Closing JPA EntityManagerFactory for persistence unit 'default'
2022-05-25 14:20:30.918  WARN 8872 --- [SpringApplicationShutdownHook] o.s.b.f.support.DisposableBeanAdapter    : Invocation of destroy method failed on bean with name 'inMemoryDatabaseShutdownExecutor': org.h2.jdbc.JdbcSQLNonTransientConnectionException: Database is already closed (to disable automatic closing at VM shutdown, add ";DB_CLOSE_ON_EXIT=FALSE" to the db URL) [90121-200]
2022-05-25 14:20:30.920  INFO 8872 --- [SpringApplicationShutdownHook] com.zaxxer.hikari.HikariDataSource       : HikariPool-1 - Shutdown initiated...
2022-05-25 14:20:30.926  INFO 8872 --- [SpringApplicationShutdownHook] com.zaxxer.hikari.HikariDataSource       : HikariPool-1 - Shutdown completed.
2022-05-25 14:22:33.237  INFO 8216 --- [restartedMain] b.c.e.d.DiabeteshopEwertonApplication    : Starting DiabeteshopEwertonApplication using Java 11.0.14.1 on Xico-Dell with PID 8216 (C:\repos_github\pweb_2021.2_ewertonLucas\diabeteshop_ewerton\target\classes started by Xico in C:\repos_github\pweb_2021.2_ewertonLucas\diabeteshop_ewerton)
2022-05-25 14:22:33.240  INFO 8216 --- [restartedMain] b.c.e.d.DiabeteshopEwertonApplication    : No active profile set, falling back to 1 default profile: "default"
2022-05-25 14:22:33.727  INFO 8216 --- [restartedMain] .e.DevToolsPropertyDefaultsPostProcessor : Devtools property defaults active! Set 'spring.devtools.add-properties' to 'false' to disable
2022-05-25 14:22:33.728  INFO 8216 --- [restartedMain] .e.DevToolsPropertyDefaultsPostProcessor : For additional web related logging consider setting the 'logging.level.web' property to 'DEBUG'
2022-05-25 14:22:34.835  INFO 8216 --- [restartedMain] .s.d.r.c.RepositoryConfigurationDelegate : Bootstrapping Spring Data JPA repositories in DEFAULT mode.
2022-05-25 14:22:34.950  INFO 8216 --- [restartedMain] .s.d.r.c.RepositoryConfigurationDelegate : Finished Spring Data repository scanning in 99 ms. Found 3 JPA repository interfaces.
2022-05-25 14:22:36.312  INFO 8216 --- [restartedMain] o.s.b.w.embedded.tomcat.TomcatWebServer  : Tomcat initialized with port(s): 8080 (http)
2022-05-25 14:22:36.337  INFO 8216 --- [restartedMain] o.apache.catalina.core.StandardService   : Starting service [Tomcat]
2022-05-25 14:22:36.339  INFO 8216 --- [restartedMain] org.apache.catalina.core.StandardEngine  : Starting Servlet engine: [Apache Tomcat/9.0.58]
2022-05-25 14:22:36.487  INFO 8216 --- [restartedMain] o.a.c.c.C.[Tomcat].[localhost].[/]       : Initializing Spring embedded WebApplicationContext
2022-05-25 14:22:36.488  INFO 8216 --- [restartedMain] w.s.c.ServletWebServerApplicationContext : Root WebApplicationContext: initialization completed in 2759 ms
2022-05-25 14:22:36.572  INFO 8216 --- [restartedMain] com.zaxxer.hikari.HikariDataSource       : HikariPool-1 - Starting...
2022-05-25 14:22:36.844  INFO 8216 --- [restartedMain] com.zaxxer.hikari.HikariDataSource       : HikariPool-1 - Start completed.
2022-05-25 14:22:36.869  INFO 8216 --- [restartedMain] o.s.b.a.h2.H2ConsoleAutoConfiguration    : H2 console available at '/h2-console'. Database available at 'jdbc:h2:mem:diabeteshop'
2022-05-25 14:22:38.793  INFO 8216 --- [restartedMain] j.LocalContainerEntityManagerFactoryBean : Initialized JPA EntityManagerFactory for persistence unit 'default'
2022-05-25 14:22:40.338  INFO 8216 --- [restartedMain] o.s.b.a.w.s.WelcomePageHandlerMapping    : Adding welcome page template: index
2022-05-25 14:22:41.619  INFO 8216 --- [restartedMain] o.s.b.d.a.OptionalLiveReloadServer       : LiveReload server is running on port 35729
2022-05-25 14:22:41.736  INFO 8216 --- [restartedMain] o.s.b.w.embedded.tomcat.TomcatWebServer  : Tomcat started on port(s): 8080 (http) with context path ''
2022-05-25 14:22:41.774  INFO 8216 --- [restartedMain] b.c.e.d.DiabeteshopEwertonApplication    : Started DiabeteshopEwertonApplication in 9.329 seconds (JVM running for 10.281)
